{"C:\\Users\\abdel\\Desktop\\Bachelor 3 Dev\\test et qualité\\EscapeTheWeb\\escape-the-web\\src\\App.tsx": {"path":"C:\\Users\\abdel\\Desktop\\Bachelor 3 Dev\\test et qualité\\EscapeTheWeb\\escape-the-web\\src\\App.tsx","statementMap":{"0":{"start":{"line":1,"column":0},"end":{"line":1,"column":53}},"1":{"start":{"line":2,"column":0},"end":{"line":2,"column":19}},"2":{"start":{"line":5,"column":2},"end":{"line":9,"column":4}},"3":{"start":{"line":12,"column":0},"end":{"line":12,"column":19}}},"fnMap":{"0":{"name":"App","decl":{"start":{"line":4,"column":9},"end":{"line":4,"column":12}},"loc":{"start":{"line":4,"column":12},"end":{"line":10,"column":1}}}},"branchMap":{},"s":{"0":0,"1":0,"2":0,"3":0},"f":{"0":0},"b":{}}
,"C:\\Users\\abdel\\Desktop\\Bachelor 3 Dev\\test et qualité\\EscapeTheWeb\\escape-the-web\\src\\components\\EscapeRoom.tsx": {"path":"C:\\Users\\abdel\\Desktop\\Bachelor 3 Dev\\test et qualité\\EscapeTheWeb\\escape-the-web\\src\\components\\EscapeRoom.tsx","statementMap":{"0":{"start":{"line":1,"column":0},"end":{"line":1,"column":44}},"1":{"start":{"line":2,"column":0},"end":{"line":2,"column":56}},"2":{"start":{"line":3,"column":0},"end":{"line":3,"column":50}},"3":{"start":{"line":4,"column":0},"end":{"line":4,"column":50}},"4":{"start":{"line":5,"column":0},"end":{"line":5,"column":50}},"5":{"start":{"line":6,"column":0},"end":{"line":6,"column":30}},"6":{"start":{"line":17,"column":26},"end":{"line":193,"column":1}},"7":{"start":{"line":18,"column":54},"end":{"line":18,"column":65}},"8":{"start":{"line":19,"column":36},"end":{"line":19,"column":88}},"9":{"start":{"line":21,"column":2},"end":{"line":29,"column":9}},"10":{"start":{"line":23,"column":25},"end":{"line":27,"column":7}},"11":{"start":{"line":23,"column":63},"end":{"line":27,"column":6}},"12":{"start":{"line":28,"column":4},"end":{"line":28,"column":31}},"13":{"start":{"line":31,"column":32},"end":{"line":50,"column":4}},"14":{"start":{"line":36,"column":46},"end":{"line":36,"column":68}},"15":{"start":{"line":42,"column":46},"end":{"line":42,"column":68}},"16":{"start":{"line":48,"column":46},"end":{"line":48,"column":68}},"17":{"start":{"line":52,"column":30},"end":{"line":62,"column":3}},"18":{"start":{"line":53,"column":4},"end":{"line":61,"column":7}},"19":{"start":{"line":54,"column":25},"end":{"line":54,"column":41}},"20":{"start":{"line":55,"column":6},"end":{"line":55,"column":44}},"21":{"start":{"line":56,"column":6},"end":{"line":59,"column":7}},"22":{"start":{"line":57,"column":8},"end":{"line":57,"column":47}},"23":{"start":{"line":58,"column":8},"end":{"line":58,"column":41}},"24":{"start":{"line":60,"column":6},"end":{"line":60,"column":24}},"25":{"start":{"line":64,"column":30},"end":{"line":73,"column":3}},"26":{"start":{"line":65,"column":4},"end":{"line":72,"column":5}},"27":{"start":{"line":67,"column":8},"end":{"line":67,"column":60}},"28":{"start":{"line":69,"column":8},"end":{"line":69,"column":58}},"29":{"start":{"line":71,"column":8},"end":{"line":71,"column":29}},"30":{"start":{"line":75,"column":25},"end":{"line":87,"column":3}},"31":{"start":{"line":76,"column":4},"end":{"line":86,"column":7}},"32":{"start":{"line":77,"column":6},"end":{"line":78,"column":null}},"33":{"start":{"line":89,"column":2},"end":{"line":192,"column":4}},"34":{"start":{"line":93,"column":8},"end":{"line":94,"column":null}},"35":{"start":{"line":129,"column":14},"end":{"line":130,"column":null}},"36":{"start":{"line":163,"column":35},"end":{"line":163,"column":63}},"37":{"start":{"line":182,"column":33},"end":{"line":182,"column":57}},"38":{"start":{"line":17,"column":13},"end":{"line":17,"column":26}}},"fnMap":{"0":{"name":"(anonymous_0)","decl":{"start":{"line":17,"column":26},"end":{"line":17,"column":29}},"loc":{"start":{"line":17,"column":31},"end":{"line":193,"column":1}}},"1":{"name":"(anonymous_1)","decl":{"start":{"line":21,"column":12},"end":{"line":21,"column":15}},"loc":{"start":{"line":21,"column":17},"end":{"line":29,"column":3}}},"2":{"name":"(anonymous_2)","decl":{"start":{"line":23,"column":52},"end":{"line":23,"column":53}},"loc":{"start":{"line":23,"column":63},"end":{"line":27,"column":6}}},"3":{"name":"(anonymous_3)","decl":{"start":{"line":36,"column":40},"end":{"line":36,"column":43}},"loc":{"start":{"line":36,"column":46},"end":{"line":36,"column":68}}},"4":{"name":"(anonymous_4)","decl":{"start":{"line":42,"column":40},"end":{"line":42,"column":43}},"loc":{"start":{"line":42,"column":46},"end":{"line":42,"column":68}}},"5":{"name":"(anonymous_5)","decl":{"start":{"line":48,"column":40},"end":{"line":48,"column":43}},"loc":{"start":{"line":48,"column":46},"end":{"line":48,"column":68}}},"6":{"name":"(anonymous_6)","decl":{"start":{"line":52,"column":30},"end":{"line":52,"column":31}},"loc":{"start":{"line":52,"column":48},"end":{"line":62,"column":3}}},"7":{"name":"(anonymous_7)","decl":{"start":{"line":53,"column":15},"end":{"line":53,"column":26}},"loc":{"start":{"line":53,"column":29},"end":{"line":61,"column":5}}},"8":{"name":"(anonymous_8)","decl":{"start":{"line":64,"column":30},"end":{"line":64,"column":31}},"loc":{"start":{"line":64,"column":53},"end":{"line":73,"column":3}}},"9":{"name":"(anonymous_9)","decl":{"start":{"line":75,"column":25},"end":{"line":75,"column":28}},"loc":{"start":{"line":75,"column":30},"end":{"line":87,"column":3}}},"10":{"name":"(anonymous_10)","decl":{"start":{"line":76,"column":42},"end":{"line":76,"column":43}},"loc":{"start":{"line":77,"column":6},"end":{"line":78,"column":null}}},"11":{"name":"(anonymous_11)","decl":{"start":{"line":92,"column":21},"end":{"line":92,"column":22}},"loc":{"start":{"line":93,"column":8},"end":{"line":94,"column":null}}},"12":{"name":"(anonymous_12)","decl":{"start":{"line":128,"column":25},"end":{"line":128,"column":26}},"loc":{"start":{"line":129,"column":14},"end":{"line":130,"column":null}}},"13":{"name":"(anonymous_13)","decl":{"start":{"line":163,"column":25},"end":{"line":163,"column":31}},"loc":{"start":{"line":163,"column":35},"end":{"line":163,"column":63}}},"14":{"name":"(anonymous_14)","decl":{"start":{"line":182,"column":27},"end":{"line":182,"column":30}},"loc":{"start":{"line":182,"column":33},"end":{"line":182,"column":57}}}},"branchMap":{"0":{"loc":{"start":{"line":56,"column":6},"end":{"line":59,"column":7}},"type":"if","locations":[{"start":{"line":56,"column":6},"end":{"line":59,"column":7}}]},"1":{"loc":{"start":{"line":65,"column":4},"end":{"line":72,"column":5}},"type":"switch","locations":[{"start":{"line":66,"column":6},"end":{"line":67,"column":60}},{"start":{"line":68,"column":6},"end":{"line":69,"column":58}},{"start":{"line":70,"column":6},"end":{"line":71,"column":29}}]},"2":{"loc":{"start":{"line":163,"column":11},"end":{"line":187,"column":null}},"type":"binary-expr","locations":[{"start":{"line":163,"column":11},"end":{"line":163,"column":64}},{"start":{"line":164,"column":12},"end":{"line":186,"column":null}}]}},"s":{"0":0,"1":0,"2":0,"3":0,"4":0,"5":0,"6":0,"7":0,"8":0,"9":0,"10":0,"11":0,"12":0,"13":0,"14":0,"15":0,"16":0,"17":0,"18":0,"19":0,"20":0,"21":0,"22":0,"23":0,"24":0,"25":0,"26":0,"27":0,"28":0,"29":0,"30":0,"31":0,"32":0,"33":0,"34":0,"35":0,"36":0,"37":0,"38":0},"f":{"0":0,"1":0,"2":0,"3":0,"4":0,"5":0,"6":0,"7":0,"8":0,"9":0,"10":0,"11":0,"12":0,"13":0,"14":0},"b":{"0":[0],"1":[0,0,0],"2":[0,0]}}
,"C:\\Users\\abdel\\Desktop\\Bachelor 3 Dev\\test et qualité\\EscapeTheWeb\\escape-the-web\\src\\components\\puzzles\\CodeSecret.tsx": {"path":"C:\\Users\\abdel\\Desktop\\Bachelor 3 Dev\\test et qualité\\EscapeTheWeb\\escape-the-web\\src\\components\\puzzles\\CodeSecret.tsx","statementMap":{"0":{"start":{"line":1,"column":0},"end":{"line":1,"column":33}},"1":{"start":{"line":2,"column":0},"end":{"line":2,"column":56}},"2":{"start":{"line":3,"column":0},"end":{"line":3,"column":33}},"3":{"start":{"line":9,"column":26},"end":{"line":343,"column":1}},"4":{"start":{"line":10,"column":26},"end":{"line":10,"column":38}},"5":{"start":{"line":11,"column":28},"end":{"line":11,"column":40}},"6":{"start":{"line":12,"column":36},"end":{"line":12,"column":51}},"7":{"start":{"line":13,"column":34},"end":{"line":13,"column":49}},"8":{"start":{"line":14,"column":34},"end":{"line":14,"column":45}},"9":{"start":{"line":15,"column":34},"end":{"line":15,"column":49}},"10":{"start":{"line":16,"column":38},"end":{"line":16,"column":53}},"11":{"start":{"line":18,"column":22},"end":{"line":26,"column":3}},"12":{"start":{"line":19,"column":4},"end":{"line":19,"column":16}},"13":{"start":{"line":20,"column":4},"end":{"line":20,"column":17}},"14":{"start":{"line":21,"column":4},"end":{"line":21,"column":24}},"15":{"start":{"line":22,"column":4},"end":{"line":22,"column":23}},"16":{"start":{"line":23,"column":4},"end":{"line":23,"column":19}},"17":{"start":{"line":24,"column":4},"end":{"line":24,"column":23}},"18":{"start":{"line":25,"column":4},"end":{"line":25,"column":25}},"19":{"start":{"line":28,"column":23},"end":{"line":49,"column":3}},"20":{"start":{"line":29,"column":4},"end":{"line":29,"column":23}},"21":{"start":{"line":30,"column":4},"end":{"line":30,"column":38}},"22":{"start":{"line":30,"column":31},"end":{"line":30,"column":38}},"23":{"start":{"line":32,"column":4},"end":{"line":32,"column":34}},"24":{"start":{"line":32,"column":24},"end":{"line":32,"column":32}},"25":{"start":{"line":33,"column":4},"end":{"line":48,"column":5}},"26":{"start":{"line":34,"column":6},"end":{"line":34,"column":26}},"27":{"start":{"line":35,"column":6},"end":{"line":37,"column":15}},"28":{"start":{"line":36,"column":8},"end":{"line":36,"column":27}},"29":{"start":{"line":38,"column":6},"end":{"line":40,"column":15}},"30":{"start":{"line":39,"column":8},"end":{"line":39,"column":20}},"31":{"start":{"line":42,"column":6},"end":{"line":47,"column":7}},"32":{"start":{"line":43,"column":8},"end":{"line":43,"column":26}},"33":{"start":{"line":45,"column":8},"end":{"line":45,"column":52}},"34":{"start":{"line":46,"column":8},"end":{"line":46,"column":20}},"35":{"start":{"line":51,"column":25},"end":{"line":55,"column":3}},"36":{"start":{"line":52,"column":4},"end":{"line":54,"column":5}},"37":{"start":{"line":53,"column":6},"end":{"line":53,"column":34}},"38":{"start":{"line":53,"column":22},"end":{"line":53,"column":32}},"39":{"start":{"line":57,"column":23},"end":{"line":59,"column":3}},"40":{"start":{"line":58,"column":4},"end":{"line":58,"column":39}},"41":{"start":{"line":58,"column":20},"end":{"line":58,"column":37}},"42":{"start":{"line":61,"column":22},"end":{"line":63,"column":3}},"43":{"start":{"line":62,"column":4},"end":{"line":62,"column":16}},"44":{"start":{"line":65,"column":2},"end":{"line":342,"column":4}},"45":{"start":{"line":92,"column":29},"end":{"line":92,"column":46}},"46":{"start":{"line":109,"column":24},"end":{"line":109,"column":41}},"47":{"start":{"line":112,"column":24},"end":{"line":112,"column":52}},"48":{"start":{"line":143,"column":16},"end":{"line":144,"column":null}},"49":{"start":{"line":147,"column":33},"end":{"line":147,"column":63}},"50":{"start":{"line":166,"column":31},"end":{"line":166,"column":50}},"51":{"start":{"line":295,"column":29},"end":{"line":295,"column":47}},"52":{"start":{"line":302,"column":30},"end":{"line":302,"column":49}},"53":{"start":{"line":331,"column":35},"end":{"line":331,"column":53}},"54":{"start":{"line":9,"column":13},"end":{"line":9,"column":26}},"55":{"start":{"line":345,"column":0},"end":{"line":345,"column":26}}},"fnMap":{"0":{"name":"(anonymous_0)","decl":{"start":{"line":9,"column":26},"end":{"line":9,"column":27}},"loc":{"start":{"line":9,"column":61},"end":{"line":343,"column":1}}},"1":{"name":"(anonymous_1)","decl":{"start":{"line":18,"column":22},"end":{"line":18,"column":25}},"loc":{"start":{"line":18,"column":27},"end":{"line":26,"column":3}}},"2":{"name":"(anonymous_2)","decl":{"start":{"line":28,"column":23},"end":{"line":28,"column":24}},"loc":{"start":{"line":28,"column":46},"end":{"line":49,"column":3}}},"3":{"name":"(anonymous_3)","decl":{"start":{"line":32,"column":16},"end":{"line":32,"column":20}},"loc":{"start":{"line":32,"column":24},"end":{"line":32,"column":32}}},"4":{"name":"(anonymous_4)","decl":{"start":{"line":35,"column":17},"end":{"line":35,"column":20}},"loc":{"start":{"line":35,"column":22},"end":{"line":37,"column":7}}},"5":{"name":"(anonymous_5)","decl":{"start":{"line":38,"column":17},"end":{"line":38,"column":20}},"loc":{"start":{"line":38,"column":22},"end":{"line":40,"column":7}}},"6":{"name":"(anonymous_6)","decl":{"start":{"line":51,"column":25},"end":{"line":51,"column":26}},"loc":{"start":{"line":51,"column":41},"end":{"line":55,"column":3}}},"7":{"name":"(anonymous_7)","decl":{"start":{"line":53,"column":14},"end":{"line":53,"column":18}},"loc":{"start":{"line":53,"column":22},"end":{"line":53,"column":32}}},"8":{"name":"(anonymous_8)","decl":{"start":{"line":57,"column":23},"end":{"line":57,"column":26}},"loc":{"start":{"line":57,"column":28},"end":{"line":59,"column":3}}},"9":{"name":"(anonymous_9)","decl":{"start":{"line":58,"column":12},"end":{"line":58,"column":16}},"loc":{"start":{"line":58,"column":20},"end":{"line":58,"column":37}}},"10":{"name":"(anonymous_10)","decl":{"start":{"line":61,"column":22},"end":{"line":61,"column":25}},"loc":{"start":{"line":61,"column":27},"end":{"line":63,"column":3}}},"11":{"name":"(anonymous_11)","decl":{"start":{"line":92,"column":23},"end":{"line":92,"column":26}},"loc":{"start":{"line":92,"column":29},"end":{"line":92,"column":46}}},"12":{"name":"(anonymous_12)","decl":{"start":{"line":108,"column":42},"end":{"line":108,"column":43}},"loc":{"start":{"line":109,"column":24},"end":{"line":109,"column":41}}},"13":{"name":"(anonymous_13)","decl":{"start":{"line":111,"column":59},"end":{"line":111,"column":60}},"loc":{"start":{"line":112,"column":24},"end":{"line":112,"column":52}}},"14":{"name":"(anonymous_14)","decl":{"start":{"line":142,"column":47},"end":{"line":142,"column":48}},"loc":{"start":{"line":143,"column":16},"end":{"line":144,"column":null}}},"15":{"name":"(anonymous_15)","decl":{"start":{"line":147,"column":27},"end":{"line":147,"column":30}},"loc":{"start":{"line":147,"column":33},"end":{"line":147,"column":63}}},"16":{"name":"(anonymous_16)","decl":{"start":{"line":166,"column":25},"end":{"line":166,"column":28}},"loc":{"start":{"line":166,"column":31},"end":{"line":166,"column":50}}},"17":{"name":"(anonymous_17)","decl":{"start":{"line":295,"column":23},"end":{"line":295,"column":26}},"loc":{"start":{"line":295,"column":29},"end":{"line":295,"column":47}}},"18":{"name":"(anonymous_18)","decl":{"start":{"line":302,"column":25},"end":{"line":302,"column":26}},"loc":{"start":{"line":302,"column":30},"end":{"line":302,"column":49}}},"19":{"name":"(anonymous_19)","decl":{"start":{"line":331,"column":29},"end":{"line":331,"column":32}},"loc":{"start":{"line":331,"column":35},"end":{"line":331,"column":53}}}},"branchMap":{"0":{"loc":{"start":{"line":30,"column":4},"end":{"line":30,"column":38}},"type":"if","locations":[{"start":{"line":30,"column":4},"end":{"line":30,"column":38}}]},"1":{"loc":{"start":{"line":30,"column":8},"end":{"line":30,"column":29}},"type":"binary-expr","locations":[{"start":{"line":30,"column":8},"end":{"line":30,"column":17}},{"start":{"line":30,"column":21},"end":{"line":30,"column":29}}]},"2":{"loc":{"start":{"line":33,"column":4},"end":{"line":48,"column":5}},"type":"if","locations":[{"start":{"line":33,"column":4},"end":{"line":48,"column":5}},{"start":{"line":41,"column":11},"end":{"line":48,"column":5}}]},"3":{"loc":{"start":{"line":42,"column":6},"end":{"line":47,"column":7}},"type":"if","locations":[{"start":{"line":42,"column":6},"end":{"line":47,"column":7}},{"start":{"line":44,"column":13},"end":{"line":47,"column":7}}]},"4":{"loc":{"start":{"line":52,"column":4},"end":{"line":54,"column":5}},"type":"if","locations":[{"start":{"line":52,"column":4},"end":{"line":54,"column":5}}]},"5":{"loc":{"start":{"line":52,"column":8},"end":{"line":52,"column":50}},"type":"binary-expr","locations":[{"start":{"line":52,"column":8},"end":{"line":52,"column":23}},{"start":{"line":52,"column":27},"end":{"line":52,"column":37}},{"start":{"line":52,"column":41},"end":{"line":52,"column":50}}]},"6":{"loc":{"start":{"line":100,"column":36},"end":{"line":100,"column":60}},"type":"cond-expr","locations":[{"start":{"line":100,"column":49},"end":{"line":100,"column":55}},{"start":{"line":100,"column":58},"end":{"line":100,"column":60}}]},"7":{"loc":{"start":{"line":117,"column":17},"end":{"line":132,"column":null}},"type":"binary-expr","locations":[{"start":{"line":117,"column":17},"end":{"line":117,"column":27}},{"start":{"line":118,"column":18},"end":{"line":131,"column":null}}]},"8":{"loc":{"start":{"line":134,"column":17},"end":{"line":134,"column":62}},"type":"binary-expr","locations":[{"start":{"line":134,"column":17},"end":{"line":134,"column":26}},{"start":{"line":134,"column":30},"end":{"line":134,"column":62}}]},"9":{"loc":{"start":{"line":149,"column":28},"end":{"line":149,"column":49}},"type":"binary-expr","locations":[{"start":{"line":149,"column":28},"end":{"line":149,"column":37}},{"start":{"line":149,"column":41},"end":{"line":149,"column":49}}]},"10":{"loc":{"start":{"line":159,"column":26},"end":{"line":159,"column":47}},"type":"binary-expr","locations":[{"start":{"line":159,"column":26},"end":{"line":159,"column":35}},{"start":{"line":159,"column":39},"end":{"line":159,"column":47}}]},"11":{"loc":{"start":{"line":168,"column":26},"end":{"line":168,"column":47}},"type":"binary-expr","locations":[{"start":{"line":168,"column":26},"end":{"line":168,"column":35}},{"start":{"line":168,"column":39},"end":{"line":168,"column":47}}]},"12":{"loc":{"start":{"line":177,"column":26},"end":{"line":177,"column":47}},"type":"binary-expr","locations":[{"start":{"line":177,"column":26},"end":{"line":177,"column":35}},{"start":{"line":177,"column":39},"end":{"line":177,"column":47}}]},"13":{"loc":{"start":{"line":189,"column":22},"end":{"line":189,"column":64}},"type":"binary-expr","locations":[{"start":{"line":189,"column":22},"end":{"line":189,"column":31}},{"start":{"line":189,"column":35},"end":{"line":189,"column":43}},{"start":{"line":189,"column":47},"end":{"line":189,"column":64}}]},"14":{"loc":{"start":{"line":196,"column":11},"end":{"line":204,"column":null}},"type":"binary-expr","locations":[{"start":{"line":196,"column":11},"end":{"line":196,"column":16}},{"start":{"line":197,"column":12},"end":{"line":203,"column":null}}]},"15":{"loc":{"start":{"line":215,"column":11},"end":{"line":242,"column":null}},"type":"binary-expr","locations":[{"start":{"line":215,"column":11},"end":{"line":215,"column":20}},{"start":{"line":216,"column":12},"end":{"line":241,"column":null}}]},"16":{"loc":{"start":{"line":245,"column":11},"end":{"line":286,"column":null}},"type":"binary-expr","locations":[{"start":{"line":245,"column":11},"end":{"line":245,"column":19}},{"start":{"line":246,"column":12},"end":{"line":285,"column":null}}]},"17":{"loc":{"start":{"line":289,"column":11},"end":{"line":337,"column":null}},"type":"binary-expr","locations":[{"start":{"line":289,"column":11},"end":{"line":289,"column":19}},{"start":{"line":290,"column":12},"end":{"line":336,"column":null}}]}},"s":{"0":1,"1":1,"2":1,"3":1,"4":56,"5":56,"6":56,"7":56,"8":56,"9":56,"10":56,"11":56,"12":0,"13":0,"14":0,"15":0,"16":0,"17":0,"18":0,"19":56,"20":8,"21":8,"22":0,"23":8,"24":8,"25":8,"26":1,"27":1,"28":1,"29":1,"30":1,"31":7,"32":2,"33":5,"34":5,"35":56,"36":36,"37":36,"38":36,"39":56,"40":1,"41":1,"42":56,"43":1,"44":56,"45":1,"46":109,"47":115,"48":504,"49":34,"50":2,"51":0,"52":1,"53":1,"54":1,"55":1},"f":{"0":56,"1":0,"2":8,"3":8,"4":1,"5":1,"6":36,"7":36,"8":1,"9":1,"10":1,"11":1,"12":109,"13":115,"14":504,"15":34,"16":2,"17":0,"18":1,"19":1},"b":{"0":[0],"1":[8,8],"2":[1,7],"3":[2,5],"4":[36],"5":[36,36,36],"6":[2,54],"7":[56,2],"8":[56,1],"9":[504,495],"10":[56,55],"11":[56,55],"12":[56,55],"13":[56,55,53],"14":[56,23],"15":[56,1],"16":[56,2],"17":[56,1]}}
,"C:\\Users\\abdel\\Desktop\\Bachelor 3 Dev\\test et qualité\\EscapeTheWeb\\escape-the-web\\src\\components\\puzzles\\Labyrinthe.tsx": {"path":"C:\\Users\\abdel\\Desktop\\Bachelor 3 Dev\\test et qualité\\EscapeTheWeb\\escape-the-web\\src\\components\\puzzles\\Labyrinthe.tsx","statementMap":{"0":{"start":{"line":1,"column":0},"end":{"line":1,"column":33}},"1":{"start":{"line":2,"column":0},"end":{"line":2,"column":56}},"2":{"start":{"line":3,"column":0},"end":{"line":3,"column":33}},"3":{"start":{"line":9,"column":15},"end":{"line":9,"column":88}},"4":{"start":{"line":10,"column":25},"end":{"line":10,"column":98}},"5":{"start":{"line":12,"column":26},"end":{"line":283,"column":1}},"6":{"start":{"line":13,"column":34},"end":{"line":13,"column":56}},"7":{"start":{"line":14,"column":28},"end":{"line":14,"column":40}},"8":{"start":{"line":15,"column":36},"end":{"line":15,"column":51}},"9":{"start":{"line":16,"column":34},"end":{"line":16,"column":49}},"10":{"start":{"line":17,"column":34},"end":{"line":17,"column":45}},"11":{"start":{"line":18,"column":44},"end":{"line":18,"column":59}},"12":{"start":{"line":19,"column":34},"end":{"line":19,"column":49}},"13":{"start":{"line":21,"column":22},"end":{"line":29,"column":3}},"14":{"start":{"line":22,"column":4},"end":{"line":22,"column":20}},"15":{"start":{"line":23,"column":4},"end":{"line":23,"column":17}},"16":{"start":{"line":24,"column":4},"end":{"line":24,"column":24}},"17":{"start":{"line":25,"column":4},"end":{"line":25,"column":23}},"18":{"start":{"line":26,"column":4},"end":{"line":26,"column":19}},"19":{"start":{"line":27,"column":4},"end":{"line":27,"column":28}},"20":{"start":{"line":28,"column":4},"end":{"line":28,"column":23}},"21":{"start":{"line":31,"column":27},"end":{"line":58,"column":3}},"22":{"start":{"line":32,"column":4},"end":{"line":32,"column":38}},"23":{"start":{"line":32,"column":31},"end":{"line":32,"column":38}},"24":{"start":{"line":34,"column":24},"end":{"line":34,"column":44}},"25":{"start":{"line":35,"column":4},"end":{"line":35,"column":29}},"26":{"start":{"line":37,"column":4},"end":{"line":57,"column":5}},"27":{"start":{"line":38,"column":6},"end":{"line":38,"column":36}},"28":{"start":{"line":38,"column":26},"end":{"line":38,"column":34}},"29":{"start":{"line":39,"column":24},"end":{"line":40,"column":null}},"30":{"start":{"line":40,"column":26},"end":{"line":40,"column":59}},"31":{"start":{"line":43,"column":6},"end":{"line":56,"column":7}},"32":{"start":{"line":44,"column":8},"end":{"line":44,"column":27}},"33":{"start":{"line":45,"column":8},"end":{"line":45,"column":31}},"34":{"start":{"line":46,"column":8},"end":{"line":48,"column":17}},"35":{"start":{"line":47,"column":10},"end":{"line":47,"column":22}},"36":{"start":{"line":50,"column":8},"end":{"line":55,"column":9}},"37":{"start":{"line":51,"column":10},"end":{"line":51,"column":28}},"38":{"start":{"line":53,"column":10},"end":{"line":53,"column":59}},"39":{"start":{"line":54,"column":10},"end":{"line":54,"column":26}},"40":{"start":{"line":60,"column":24},"end":{"line":79,"column":3}},"41":{"start":{"line":61,"column":4},"end":{"line":78,"column":5}},"42":{"start":{"line":63,"column":8},"end":{"line":63,"column":73}},"43":{"start":{"line":65,"column":8},"end":{"line":65,"column":82}},"44":{"start":{"line":67,"column":8},"end":{"line":67,"column":82}},"45":{"start":{"line":69,"column":8},"end":{"line":69,"column":79}},"46":{"start":{"line":71,"column":8},"end":{"line":71,"column":76}},"47":{"start":{"line":73,"column":8},"end":{"line":73,"column":82}},"48":{"start":{"line":75,"column":8},"end":{"line":75,"column":82}},"49":{"start":{"line":77,"column":8},"end":{"line":77,"column":18}},"50":{"start":{"line":81,"column":26},"end":{"line":111,"column":3}},"51":{"start":{"line":82,"column":4},"end":{"line":110,"column":7}},"52":{"start":{"line":83,"column":6},"end":{"line":84,"column":null}},"53":{"start":{"line":96,"column":12},"end":{"line":97,"column":null}},"54":{"start":{"line":113,"column":2},"end":{"line":282,"column":4}},"55":{"start":{"line":141,"column":29},"end":{"line":141,"column":46}},"56":{"start":{"line":154,"column":14},"end":{"line":155,"column":null}},"57":{"start":{"line":158,"column":31},"end":{"line":158,"column":54}},"58":{"start":{"line":251,"column":29},"end":{"line":251,"column":47}},"59":{"start":{"line":258,"column":30},"end":{"line":258,"column":49}},"60":{"start":{"line":269,"column":33},"end":{"line":269,"column":51}},"61":{"start":{"line":12,"column":13},"end":{"line":12,"column":26}}},"fnMap":{"0":{"name":"(anonymous_0)","decl":{"start":{"line":12,"column":26},"end":{"line":12,"column":27}},"loc":{"start":{"line":12,"column":61},"end":{"line":283,"column":1}}},"1":{"name":"(anonymous_1)","decl":{"start":{"line":21,"column":22},"end":{"line":21,"column":25}},"loc":{"start":{"line":21,"column":27},"end":{"line":29,"column":3}}},"2":{"name":"(anonymous_2)","decl":{"start":{"line":31,"column":27},"end":{"line":31,"column":28}},"loc":{"start":{"line":31,"column":45},"end":{"line":58,"column":3}}},"3":{"name":"(anonymous_3)","decl":{"start":{"line":38,"column":18},"end":{"line":38,"column":22}},"loc":{"start":{"line":38,"column":26},"end":{"line":38,"column":34}}},"4":{"name":"(anonymous_4)","decl":{"start":{"line":40,"column":8},"end":{"line":40,"column":9}},"loc":{"start":{"line":40,"column":26},"end":{"line":40,"column":59}}},"5":{"name":"(anonymous_5)","decl":{"start":{"line":46,"column":19},"end":{"line":46,"column":22}},"loc":{"start":{"line":46,"column":24},"end":{"line":48,"column":9}}},"6":{"name":"(anonymous_6)","decl":{"start":{"line":60,"column":24},"end":{"line":60,"column":25}},"loc":{"start":{"line":60,"column":42},"end":{"line":79,"column":3}}},"7":{"name":"(anonymous_7)","decl":{"start":{"line":81,"column":26},"end":{"line":81,"column":29}},"loc":{"start":{"line":81,"column":31},"end":{"line":111,"column":3}}},"8":{"name":"(anonymous_8)","decl":{"start":{"line":82,"column":41},"end":{"line":82,"column":42}},"loc":{"start":{"line":83,"column":6},"end":{"line":84,"column":null}}},"9":{"name":"(anonymous_9)","decl":{"start":{"line":95,"column":41},"end":{"line":95,"column":42}},"loc":{"start":{"line":96,"column":12},"end":{"line":97,"column":null}}},"10":{"name":"(anonymous_10)","decl":{"start":{"line":141,"column":23},"end":{"line":141,"column":26}},"loc":{"start":{"line":141,"column":29},"end":{"line":141,"column":46}}},"11":{"name":"(anonymous_11)","decl":{"start":{"line":153,"column":24},"end":{"line":153,"column":25}},"loc":{"start":{"line":154,"column":14},"end":{"line":155,"column":null}}},"12":{"name":"(anonymous_12)","decl":{"start":{"line":158,"column":25},"end":{"line":158,"column":28}},"loc":{"start":{"line":158,"column":31},"end":{"line":158,"column":54}}},"13":{"name":"(anonymous_13)","decl":{"start":{"line":251,"column":23},"end":{"line":251,"column":26}},"loc":{"start":{"line":251,"column":29},"end":{"line":251,"column":47}}},"14":{"name":"(anonymous_14)","decl":{"start":{"line":258,"column":25},"end":{"line":258,"column":26}},"loc":{"start":{"line":258,"column":30},"end":{"line":258,"column":49}}},"15":{"name":"(anonymous_15)","decl":{"start":{"line":269,"column":27},"end":{"line":269,"column":30}},"loc":{"start":{"line":269,"column":33},"end":{"line":269,"column":51}}}},"branchMap":{"0":{"loc":{"start":{"line":32,"column":4},"end":{"line":32,"column":38}},"type":"if","locations":[{"start":{"line":32,"column":4},"end":{"line":32,"column":38}}]},"1":{"loc":{"start":{"line":32,"column":8},"end":{"line":32,"column":29}},"type":"binary-expr","locations":[{"start":{"line":32,"column":8},"end":{"line":32,"column":17}},{"start":{"line":32,"column":21},"end":{"line":32,"column":29}}]},"2":{"loc":{"start":{"line":37,"column":4},"end":{"line":57,"column":5}},"type":"if","locations":[{"start":{"line":37,"column":4},"end":{"line":57,"column":5}}]},"3":{"loc":{"start":{"line":43,"column":6},"end":{"line":56,"column":7}},"type":"if","locations":[{"start":{"line":43,"column":6},"end":{"line":56,"column":7}},{"start":{"line":49,"column":13},"end":{"line":56,"column":7}}]},"4":{"loc":{"start":{"line":50,"column":8},"end":{"line":55,"column":9}},"type":"if","locations":[{"start":{"line":50,"column":8},"end":{"line":55,"column":9}},{"start":{"line":52,"column":15},"end":{"line":55,"column":9}}]},"5":{"loc":{"start":{"line":61,"column":4},"end":{"line":78,"column":5}},"type":"switch","locations":[{"start":{"line":62,"column":6},"end":{"line":63,"column":73}},{"start":{"line":64,"column":6},"end":{"line":65,"column":82}},{"start":{"line":66,"column":6},"end":{"line":67,"column":82}},{"start":{"line":68,"column":6},"end":{"line":69,"column":79}},{"start":{"line":70,"column":6},"end":{"line":71,"column":76}},{"start":{"line":72,"column":6},"end":{"line":73,"column":82}},{"start":{"line":74,"column":6},"end":{"line":75,"column":82}},{"start":{"line":76,"column":6},"end":{"line":77,"column":18}}]},"6":{"loc":{"start":{"line":160,"column":26},"end":{"line":160,"column":47}},"type":"binary-expr","locations":[{"start":{"line":160,"column":26},"end":{"line":160,"column":35}},{"start":{"line":160,"column":39},"end":{"line":160,"column":47}}]},"7":{"loc":{"start":{"line":169,"column":11},"end":{"line":177,"column":null}},"type":"binary-expr","locations":[{"start":{"line":169,"column":11},"end":{"line":169,"column":16}},{"start":{"line":170,"column":12},"end":{"line":176,"column":null}}]},"8":{"loc":{"start":{"line":191,"column":17},"end":{"line":191,"column":70}},"type":"cond-expr","locations":[{"start":{"line":191,"column":39},"end":{"line":191,"column":59}},{"start":{"line":191,"column":62},"end":{"line":191,"column":70}}]},"9":{"loc":{"start":{"line":201,"column":11},"end":{"line":216,"column":null}},"type":"binary-expr","locations":[{"start":{"line":201,"column":11},"end":{"line":201,"column":20}},{"start":{"line":202,"column":12},"end":{"line":215,"column":null}}]},"10":{"loc":{"start":{"line":219,"column":11},"end":{"line":242,"column":null}},"type":"binary-expr","locations":[{"start":{"line":219,"column":11},"end":{"line":219,"column":19}},{"start":{"line":220,"column":12},"end":{"line":241,"column":null}}]},"11":{"loc":{"start":{"line":245,"column":11},"end":{"line":275,"column":null}},"type":"binary-expr","locations":[{"start":{"line":245,"column":11},"end":{"line":245,"column":19}},{"start":{"line":246,"column":12},"end":{"line":274,"column":null}}]},"12":{"loc":{"start":{"line":279,"column":9},"end":{"line":279,"column":43}},"type":"binary-expr","locations":[{"start":{"line":279,"column":9},"end":{"line":279,"column":22}},{"start":{"line":279,"column":26},"end":{"line":279,"column":43}}]}},"s":{"0":1,"1":1,"2":1,"3":1,"4":1,"5":1,"6":20,"7":20,"8":20,"9":20,"10":20,"11":20,"12":20,"13":20,"14":0,"15":0,"16":0,"17":0,"18":0,"19":0,"20":0,"21":20,"22":16,"23":0,"24":16,"25":16,"26":16,"27":2,"28":2,"29":2,"30":8,"31":2,"32":1,"33":1,"34":1,"35":1,"36":1,"37":0,"38":1,"39":1,"40":20,"41":140,"42":20,"43":20,"44":20,"45":20,"46":20,"47":20,"48":20,"49":0,"50":20,"51":1,"52":3,"53":24,"54":20,"55":0,"56":140,"57":16,"58":0,"59":0,"60":0,"61":1},"f":{"0":20,"1":0,"2":16,"3":2,"4":8,"5":1,"6":140,"7":1,"8":3,"9":24,"10":0,"11":140,"12":16,"13":0,"14":0,"15":0},"b":{"0":[0],"1":[16,16],"2":[2],"3":[1,1],"4":[0,1],"5":[20,20,20,20,20,20,20,0],"6":[140,133],"7":[20,1],"8":[15,5],"9":[20,1],"10":[20,0],"11":[20,0],"12":[20,1]}}
,"C:\\Users\\abdel\\Desktop\\Bachelor 3 Dev\\test et qualité\\EscapeTheWeb\\escape-the-web\\src\\components\\puzzles\\MotDePasse.tsx": {"path":"C:\\Users\\abdel\\Desktop\\Bachelor 3 Dev\\test et qualité\\EscapeTheWeb\\escape-the-web\\src\\components\\puzzles\\MotDePasse.tsx","statementMap":{"0":{"start":{"line":1,"column":0},"end":{"line":1,"column":33}},"1":{"start":{"line":2,"column":0},"end":{"line":2,"column":56}},"2":{"start":{"line":3,"column":0},"end":{"line":3,"column":33}},"3":{"start":{"line":9,"column":26},"end":{"line":282,"column":1}},"4":{"start":{"line":10,"column":34},"end":{"line":10,"column":46}},"5":{"start":{"line":11,"column":28},"end":{"line":11,"column":40}},"6":{"start":{"line":12,"column":36},"end":{"line":12,"column":51}},"7":{"start":{"line":13,"column":34},"end":{"line":13,"column":49}},"8":{"start":{"line":14,"column":34},"end":{"line":14,"column":45}},"9":{"start":{"line":15,"column":36},"end":{"line":15,"column":51}},"10":{"start":{"line":16,"column":34},"end":{"line":16,"column":49}},"11":{"start":{"line":17,"column":38},"end":{"line":17,"column":53}},"12":{"start":{"line":19,"column":22},"end":{"line":28,"column":3}},"13":{"start":{"line":20,"column":4},"end":{"line":20,"column":20}},"14":{"start":{"line":21,"column":4},"end":{"line":21,"column":17}},"15":{"start":{"line":22,"column":4},"end":{"line":22,"column":24}},"16":{"start":{"line":23,"column":4},"end":{"line":23,"column":23}},"17":{"start":{"line":24,"column":4},"end":{"line":24,"column":19}},"18":{"start":{"line":25,"column":4},"end":{"line":25,"column":24}},"19":{"start":{"line":26,"column":4},"end":{"line":26,"column":23}},"20":{"start":{"line":27,"column":4},"end":{"line":27,"column":25}},"21":{"start":{"line":30,"column":23},"end":{"line":52,"column":3}},"22":{"start":{"line":31,"column":4},"end":{"line":31,"column":23}},"23":{"start":{"line":32,"column":4},"end":{"line":32,"column":38}},"24":{"start":{"line":32,"column":31},"end":{"line":32,"column":38}},"25":{"start":{"line":34,"column":4},"end":{"line":34,"column":34}},"26":{"start":{"line":34,"column":24},"end":{"line":34,"column":32}},"27":{"start":{"line":35,"column":4},"end":{"line":51,"column":5}},"28":{"start":{"line":36,"column":6},"end":{"line":36,"column":26}},"29":{"start":{"line":37,"column":6},"end":{"line":40,"column":15}},"30":{"start":{"line":38,"column":8},"end":{"line":38,"column":27}},"31":{"start":{"line":39,"column":8},"end":{"line":39,"column":27}},"32":{"start":{"line":41,"column":6},"end":{"line":43,"column":15}},"33":{"start":{"line":42,"column":8},"end":{"line":42,"column":20}},"34":{"start":{"line":45,"column":6},"end":{"line":50,"column":7}},"35":{"start":{"line":46,"column":8},"end":{"line":46,"column":26}},"36":{"start":{"line":48,"column":8},"end":{"line":48,"column":60}},"37":{"start":{"line":49,"column":8},"end":{"line":49,"column":24}},"38":{"start":{"line":54,"column":22},"end":{"line":66,"column":3}},"39":{"start":{"line":55,"column":4},"end":{"line":65,"column":7}},"40":{"start":{"line":56,"column":6},"end":{"line":57,"column":null}},"41":{"start":{"line":68,"column":2},"end":{"line":281,"column":4}},"42":{"start":{"line":96,"column":29},"end":{"line":96,"column":46}},"43":{"start":{"line":156,"column":31},"end":{"line":156,"column":58}},"44":{"start":{"line":250,"column":29},"end":{"line":250,"column":47}},"45":{"start":{"line":257,"column":30},"end":{"line":257,"column":49}},"46":{"start":{"line":268,"column":33},"end":{"line":268,"column":51}},"47":{"start":{"line":9,"column":13},"end":{"line":9,"column":26}},"48":{"start":{"line":284,"column":15},"end":{"line":319,"column":2}}},"fnMap":{"0":{"name":"(anonymous_0)","decl":{"start":{"line":9,"column":26},"end":{"line":9,"column":27}},"loc":{"start":{"line":9,"column":61},"end":{"line":282,"column":1}}},"1":{"name":"(anonymous_1)","decl":{"start":{"line":19,"column":22},"end":{"line":19,"column":25}},"loc":{"start":{"line":19,"column":27},"end":{"line":28,"column":3}}},"2":{"name":"(anonymous_2)","decl":{"start":{"line":30,"column":23},"end":{"line":30,"column":24}},"loc":{"start":{"line":30,"column":46},"end":{"line":52,"column":3}}},"3":{"name":"(anonymous_3)","decl":{"start":{"line":34,"column":16},"end":{"line":34,"column":20}},"loc":{"start":{"line":34,"column":24},"end":{"line":34,"column":32}}},"4":{"name":"(anonymous_4)","decl":{"start":{"line":37,"column":17},"end":{"line":37,"column":20}},"loc":{"start":{"line":37,"column":22},"end":{"line":40,"column":7}}},"5":{"name":"(anonymous_5)","decl":{"start":{"line":41,"column":17},"end":{"line":41,"column":20}},"loc":{"start":{"line":41,"column":22},"end":{"line":43,"column":7}}},"6":{"name":"(anonymous_6)","decl":{"start":{"line":54,"column":22},"end":{"line":54,"column":25}},"loc":{"start":{"line":54,"column":27},"end":{"line":66,"column":3}}},"7":{"name":"(anonymous_7)","decl":{"start":{"line":55,"column":42},"end":{"line":55,"column":43}},"loc":{"start":{"line":56,"column":6},"end":{"line":57,"column":null}}},"8":{"name":"(anonymous_8)","decl":{"start":{"line":96,"column":23},"end":{"line":96,"column":26}},"loc":{"start":{"line":96,"column":29},"end":{"line":96,"column":46}}},"9":{"name":"(anonymous_9)","decl":{"start":{"line":156,"column":24},"end":{"line":156,"column":25}},"loc":{"start":{"line":156,"column":31},"end":{"line":156,"column":58}}},"10":{"name":"(anonymous_10)","decl":{"start":{"line":250,"column":23},"end":{"line":250,"column":26}},"loc":{"start":{"line":250,"column":29},"end":{"line":250,"column":47}}},"11":{"name":"(anonymous_11)","decl":{"start":{"line":257,"column":25},"end":{"line":257,"column":26}},"loc":{"start":{"line":257,"column":30},"end":{"line":257,"column":49}}},"12":{"name":"(anonymous_12)","decl":{"start":{"line":268,"column":27},"end":{"line":268,"column":30}},"loc":{"start":{"line":268,"column":33},"end":{"line":268,"column":51}}}},"branchMap":{"0":{"loc":{"start":{"line":32,"column":4},"end":{"line":32,"column":38}},"type":"if","locations":[{"start":{"line":32,"column":4},"end":{"line":32,"column":38}}]},"1":{"loc":{"start":{"line":32,"column":8},"end":{"line":32,"column":29}},"type":"binary-expr","locations":[{"start":{"line":32,"column":8},"end":{"line":32,"column":17}},{"start":{"line":32,"column":21},"end":{"line":32,"column":29}}]},"2":{"loc":{"start":{"line":35,"column":4},"end":{"line":51,"column":5}},"type":"if","locations":[{"start":{"line":35,"column":4},"end":{"line":51,"column":5}},{"start":{"line":44,"column":11},"end":{"line":51,"column":5}}]},"3":{"loc":{"start":{"line":45,"column":6},"end":{"line":50,"column":7}},"type":"if","locations":[{"start":{"line":45,"column":6},"end":{"line":50,"column":7}},{"start":{"line":47,"column":13},"end":{"line":50,"column":7}}]},"4":{"loc":{"start":{"line":105,"column":15},"end":{"line":143,"column":null}},"type":"cond-expr","locations":[{"start":{"line":106,"column":16},"end":{"line":107,"column":null}},{"start":{"line":123,"column":16},"end":{"line":124,"column":null}}]},"5":{"loc":{"start":{"line":159,"column":24},"end":{"line":159,"column":45}},"type":"binary-expr","locations":[{"start":{"line":159,"column":24},"end":{"line":159,"column":33}},{"start":{"line":159,"column":37},"end":{"line":159,"column":45}}]},"6":{"loc":{"start":{"line":166,"column":24},"end":{"line":166,"column":45}},"type":"binary-expr","locations":[{"start":{"line":166,"column":24},"end":{"line":166,"column":33}},{"start":{"line":166,"column":37},"end":{"line":166,"column":45}}]},"7":{"loc":{"start":{"line":174,"column":11},"end":{"line":182,"column":null}},"type":"binary-expr","locations":[{"start":{"line":174,"column":11},"end":{"line":174,"column":16}},{"start":{"line":175,"column":12},"end":{"line":181,"column":null}}]},"8":{"loc":{"start":{"line":200,"column":11},"end":{"line":215,"column":null}},"type":"binary-expr","locations":[{"start":{"line":200,"column":11},"end":{"line":200,"column":20}},{"start":{"line":201,"column":12},"end":{"line":214,"column":null}}]},"9":{"loc":{"start":{"line":218,"column":11},"end":{"line":241,"column":null}},"type":"binary-expr","locations":[{"start":{"line":218,"column":11},"end":{"line":218,"column":19}},{"start":{"line":219,"column":12},"end":{"line":240,"column":null}}]},"10":{"loc":{"start":{"line":244,"column":11},"end":{"line":274,"column":null}},"type":"binary-expr","locations":[{"start":{"line":244,"column":11},"end":{"line":244,"column":19}},{"start":{"line":245,"column":12},"end":{"line":273,"column":null}}]},"11":{"loc":{"start":{"line":278,"column":9},"end":{"line":278,"column":35}},"type":"binary-expr","locations":[{"start":{"line":278,"column":9},"end":{"line":278,"column":18}},{"start":{"line":278,"column":22},"end":{"line":278,"column":35}}]}},"s":{"0":1,"1":1,"2":1,"3":1,"4":4,"5":4,"6":4,"7":4,"8":4,"9":4,"10":4,"11":4,"12":4,"13":0,"14":0,"15":0,"16":0,"17":0,"18":0,"19":0,"20":0,"21":4,"22":1,"23":1,"24":0,"25":1,"26":1,"27":1,"28":0,"29":0,"30":0,"31":0,"32":0,"33":0,"34":1,"35":0,"36":1,"37":1,"38":4,"39":0,"40":0,"41":4,"42":0,"43":1,"44":0,"45":0,"46":0,"47":1,"48":1},"f":{"0":4,"1":0,"2":1,"3":1,"4":0,"5":0,"6":0,"7":0,"8":0,"9":1,"10":0,"11":0,"12":0},"b":{"0":[0],"1":[1,1],"2":[0,1],"3":[0,1],"4":[4,0],"5":[4,4],"6":[4,4],"7":[4,1],"8":[4,0],"9":[4,0],"10":[4,0],"11":[4,0]}}
,"C:\\Users\\abdel\\Desktop\\Bachelor 3 Dev\\test et qualité\\EscapeTheWeb\\escape-the-web\\src\\components\\puzzles\\index.ts": {"path":"C:\\Users\\abdel\\Desktop\\Bachelor 3 Dev\\test et qualité\\EscapeTheWeb\\escape-the-web\\src\\components\\puzzles\\index.ts","statementMap":{"0":{"start":{"line":1,"column":0},"end":{"line":1,"column":9}},"1":{"start":{"line":1,"column":9},"end":{"line":1,"column":42}},"2":{"start":{"line":2,"column":0},"end":{"line":2,"column":9}},"3":{"start":{"line":2,"column":9},"end":{"line":2,"column":42}},"4":{"start":{"line":3,"column":0},"end":{"line":3,"column":9}},"5":{"start":{"line":3,"column":9},"end":{"line":3,"column":42}}},"fnMap":{"0":{"name":"(anonymous_0)","decl":{"start":{"line":1,"column":9},"end":{"line":1,"column":19}},"loc":{"start":{"line":1,"column":9},"end":{"line":1,"column":42}}},"1":{"name":"(anonymous_1)","decl":{"start":{"line":2,"column":9},"end":{"line":2,"column":19}},"loc":{"start":{"line":2,"column":9},"end":{"line":2,"column":42}}},"2":{"name":"(anonymous_2)","decl":{"start":{"line":3,"column":9},"end":{"line":3,"column":19}},"loc":{"start":{"line":3,"column":9},"end":{"line":3,"column":42}}}},"branchMap":{},"s":{"0":0,"1":0,"2":0,"3":0,"4":0,"5":0},"f":{"0":0,"1":0,"2":0},"b":{}}
,"C:\\Users\\abdel\\Desktop\\Bachelor 3 Dev\\test et qualité\\EscapeTheWeb\\escape-the-web\\src\\context\\PuzzleContext.tsx": {"path":"C:\\Users\\abdel\\Desktop\\Bachelor 3 Dev\\test et qualité\\EscapeTheWeb\\escape-the-web\\src\\context\\PuzzleContext.tsx","statementMap":{"0":{"start":{"line":1,"column":0},"end":{"line":1,"column":67}},"1":{"start":{"line":9,"column":22},"end":{"line":9,"column":77}},"2":{"start":{"line":11,"column":71},"end":{"line":40,"column":1}},"3":{"start":{"line":12,"column":46},"end":{"line":12,"column":57}},"4":{"start":{"line":14,"column":23},"end":{"line":17,"column":3}},"5":{"start":{"line":16,"column":4},"end":{"line":16,"column":60}},"6":{"start":{"line":19,"column":18},"end":{"line":27,"column":3}},"7":{"start":{"line":20,"column":4},"end":{"line":26,"column":5}},"8":{"start":{"line":21,"column":6},"end":{"line":21,"column":44}},"9":{"start":{"line":23,"column":6},"end":{"line":23,"column":84}},"10":{"start":{"line":25,"column":6},"end":{"line":25,"column":58}},"11":{"start":{"line":29,"column":16},"end":{"line":33,"column":4}},"12":{"start":{"line":35,"column":2},"end":{"line":39,"column":4}},"13":{"start":{"line":11,"column":13},"end":{"line":11,"column":71}},"14":{"start":{"line":43,"column":25},"end":{"line":49,"column":1}},"15":{"start":{"line":44,"column":18},"end":{"line":44,"column":43}},"16":{"start":{"line":45,"column":2},"end":{"line":47,"column":3}},"17":{"start":{"line":46,"column":4},"end":{"line":46,"column":70}},"18":{"start":{"line":48,"column":2},"end":{"line":48,"column":17}},"19":{"start":{"line":43,"column":13},"end":{"line":43,"column":25}}},"fnMap":{"0":{"name":"(anonymous_0)","decl":{"start":{"line":11,"column":71},"end":{"line":11,"column":72}},"loc":{"start":{"line":11,"column":88},"end":{"line":40,"column":1}}},"1":{"name":"(anonymous_1)","decl":{"start":{"line":14,"column":23},"end":{"line":14,"column":24}},"loc":{"start":{"line":14,"column":51},"end":{"line":17,"column":3}}},"2":{"name":"(anonymous_2)","decl":{"start":{"line":19,"column":18},"end":{"line":19,"column":21}},"loc":{"start":{"line":19,"column":23},"end":{"line":27,"column":3}}},"3":{"name":"(anonymous_3)","decl":{"start":{"line":43,"column":25},"end":{"line":43,"column":47}},"loc":{"start":{"line":43,"column":49},"end":{"line":49,"column":1}}}},"branchMap":{"0":{"loc":{"start":{"line":20,"column":4},"end":{"line":26,"column":5}},"type":"if","locations":[{"start":{"line":20,"column":4},"end":{"line":26,"column":5}},{"start":{"line":24,"column":11},"end":{"line":26,"column":5}}]},"1":{"loc":{"start":{"line":45,"column":2},"end":{"line":47,"column":3}},"type":"if","locations":[{"start":{"line":45,"column":2},"end":{"line":47,"column":3}}]}},"s":{"0":0,"1":0,"2":0,"3":0,"4":0,"5":0,"6":0,"7":0,"8":0,"9":0,"10":0,"11":0,"12":0,"13":0,"14":0,"15":0,"16":0,"17":0,"18":0,"19":0},"f":{"0":0,"1":0,"2":0,"3":0},"b":{"0":[0,0],"1":[0]}}
}
