TN:
SF:src\App.tsx
FN:4,App
FNF:1
FNH:0
FNDA:0,App
DA:1,0
DA:2,0
DA:5,0
DA:12,0
LF:4
LH:0
BRF:0
BRH:0
end_of_record
TN:
SF:src\components\EscapeRoom.tsx
FN:17,(anonymous_0)
FN:21,(anonymous_1)
FN:23,(anonymous_2)
FN:36,(anonymous_3)
FN:42,(anonymous_4)
FN:48,(anonymous_5)
FN:52,(anonymous_6)
FN:53,(anonymous_7)
FN:64,(anonymous_8)
FN:75,(anonymous_9)
FN:76,(anonymous_10)
FN:92,(anonymous_11)
FN:128,(anonymous_12)
FN:163,(anonymous_13)
FN:182,(anonymous_14)
FNF:15
FNH:0
FNDA:0,(anonymous_0)
FNDA:0,(anonymous_1)
FNDA:0,(anonymous_2)
FNDA:0,(anonymous_3)
FNDA:0,(anonymous_4)
FNDA:0,(anonymous_5)
FNDA:0,(anonymous_6)
FNDA:0,(anonymous_7)
FNDA:0,(anonymous_8)
FNDA:0,(anonymous_9)
FNDA:0,(anonymous_10)
FNDA:0,(anonymous_11)
FNDA:0,(anonymous_12)
FNDA:0,(anonymous_13)
FNDA:0,(anonymous_14)
DA:1,0
DA:2,0
DA:3,0
DA:4,0
DA:5,0
DA:6,0
DA:17,0
DA:18,0
DA:19,0
DA:21,0
DA:23,0
DA:28,0
DA:31,0
DA:36,0
DA:42,0
DA:48,0
DA:52,0
DA:53,0
DA:54,0
DA:55,0
DA:56,0
DA:57,0
DA:58,0
DA:60,0
DA:64,0
DA:65,0
DA:67,0
DA:69,0
DA:71,0
DA:75,0
DA:76,0
DA:77,0
DA:89,0
DA:93,0
DA:129,0
DA:163,0
DA:182,0
LF:37
LH:0
BRDA:56,0,0,0
BRDA:65,1,0,0
BRDA:65,1,1,0
BRDA:65,1,2,0
BRDA:163,2,0,0
BRDA:163,2,1,0
BRF:6
BRH:0
end_of_record
TN:
SF:src\components\puzzles\CodeSecret.tsx
FN:9,(anonymous_0)
FN:18,(anonymous_1)
FN:28,(anonymous_2)
FN:32,(anonymous_3)
FN:35,(anonymous_4)
FN:38,(anonymous_5)
FN:51,(anonymous_6)
FN:53,(anonymous_7)
FN:57,(anonymous_8)
FN:58,(anonymous_9)
FN:61,(anonymous_10)
FN:92,(anonymous_11)
FN:108,(anonymous_12)
FN:111,(anonymous_13)
FN:142,(anonymous_14)
FN:147,(anonymous_15)
FN:166,(anonymous_16)
FN:295,(anonymous_17)
FN:302,(anonymous_18)
FN:331,(anonymous_19)
FNF:20
FNH:18
FNDA:56,(anonymous_0)
FNDA:0,(anonymous_1)
FNDA:8,(anonymous_2)
FNDA:8,(anonymous_3)
FNDA:1,(anonymous_4)
FNDA:1,(anonymous_5)
FNDA:36,(anonymous_6)
FNDA:36,(anonymous_7)
FNDA:1,(anonymous_8)
FNDA:1,(anonymous_9)
FNDA:1,(anonymous_10)
FNDA:1,(anonymous_11)
FNDA:109,(anonymous_12)
FNDA:115,(anonymous_13)
FNDA:504,(anonymous_14)
FNDA:34,(anonymous_15)
FNDA:2,(anonymous_16)
FNDA:0,(anonymous_17)
FNDA:1,(anonymous_18)
FNDA:1,(anonymous_19)
DA:1,1
DA:2,1
DA:3,1
DA:9,1
DA:10,56
DA:11,56
DA:12,56
DA:13,56
DA:14,56
DA:15,56
DA:16,56
DA:18,56
DA:19,0
DA:20,0
DA:21,0
DA:22,0
DA:23,0
DA:24,0
DA:25,0
DA:28,56
DA:29,8
DA:30,8
DA:32,8
DA:33,8
DA:34,1
DA:35,1
DA:36,1
DA:38,1
DA:39,1
DA:42,7
DA:43,2
DA:45,5
DA:46,5
DA:51,56
DA:52,36
DA:53,36
DA:57,56
DA:58,1
DA:61,56
DA:62,1
DA:65,56
DA:92,1
DA:109,109
DA:112,115
DA:143,504
DA:147,34
DA:166,2
DA:295,0
DA:302,1
DA:331,1
DA:345,1
LF:51
LH:43
BRDA:30,0,0,0
BRDA:30,1,0,8
BRDA:30,1,1,8
BRDA:33,2,0,1
BRDA:33,2,1,7
BRDA:42,3,0,2
BRDA:42,3,1,5
BRDA:52,4,0,36
BRDA:52,5,0,36
BRDA:52,5,1,36
BRDA:52,5,2,36
BRDA:100,6,0,2
BRDA:100,6,1,54
BRDA:117,7,0,56
BRDA:117,7,1,2
BRDA:134,8,0,56
BRDA:134,8,1,1
BRDA:149,9,0,504
BRDA:149,9,1,495
BRDA:159,10,0,56
BRDA:159,10,1,55
BRDA:168,11,0,56
BRDA:168,11,1,55
BRDA:177,12,0,56
BRDA:177,12,1,55
BRDA:189,13,0,56
BRDA:189,13,1,55
BRDA:189,13,2,53
BRDA:196,14,0,56
BRDA:196,14,1,23
BRDA:215,15,0,56
BRDA:215,15,1,1
BRDA:245,16,0,56
BRDA:245,16,1,2
BRDA:289,17,0,56
BRDA:289,17,1,1
BRF:36
BRH:35
end_of_record
TN:
SF:src\components\puzzles\Labyrinthe.tsx
FN:12,(anonymous_0)
FN:21,(anonymous_1)
FN:31,(anonymous_2)
FN:38,(anonymous_3)
FN:40,(anonymous_4)
FN:46,(anonymous_5)
FN:60,(anonymous_6)
FN:81,(anonymous_7)
FN:82,(anonymous_8)
FN:95,(anonymous_9)
FN:141,(anonymous_10)
FN:153,(anonymous_11)
FN:158,(anonymous_12)
FN:251,(anonymous_13)
FN:258,(anonymous_14)
FN:269,(anonymous_15)
FNF:16
FNH:11
FNDA:20,(anonymous_0)
FNDA:0,(anonymous_1)
FNDA:16,(anonymous_2)
FNDA:2,(anonymous_3)
FNDA:8,(anonymous_4)
FNDA:1,(anonymous_5)
FNDA:140,(anonymous_6)
FNDA:1,(anonymous_7)
FNDA:3,(anonymous_8)
FNDA:24,(anonymous_9)
FNDA:0,(anonymous_10)
FNDA:140,(anonymous_11)
FNDA:16,(anonymous_12)
FNDA:0,(anonymous_13)
FNDA:0,(anonymous_14)
FNDA:0,(anonymous_15)
DA:1,1
DA:2,1
DA:3,1
DA:9,1
DA:10,1
DA:12,1
DA:13,20
DA:14,20
DA:15,20
DA:16,20
DA:17,20
DA:18,20
DA:19,20
DA:21,20
DA:22,0
DA:23,0
DA:24,0
DA:25,0
DA:26,0
DA:27,0
DA:28,0
DA:31,20
DA:32,16
DA:34,16
DA:35,16
DA:37,16
DA:38,2
DA:39,2
DA:40,8
DA:43,2
DA:44,1
DA:45,1
DA:46,1
DA:47,1
DA:50,1
DA:51,0
DA:53,1
DA:54,1
DA:60,20
DA:61,140
DA:63,20
DA:65,20
DA:67,20
DA:69,20
DA:71,20
DA:73,20
DA:75,20
DA:77,0
DA:81,20
DA:82,1
DA:83,3
DA:96,24
DA:113,20
DA:141,0
DA:154,140
DA:158,16
DA:251,0
DA:258,0
DA:269,0
LF:59
LH:46
BRDA:32,0,0,0
BRDA:32,1,0,16
BRDA:32,1,1,16
BRDA:37,2,0,2
BRDA:43,3,0,1
BRDA:43,3,1,1
BRDA:50,4,0,0
BRDA:50,4,1,1
BRDA:61,5,0,20
BRDA:61,5,1,20
BRDA:61,5,2,20
BRDA:61,5,3,20
BRDA:61,5,4,20
BRDA:61,5,5,20
BRDA:61,5,6,20
BRDA:61,5,7,0
BRDA:160,6,0,140
BRDA:160,6,1,133
BRDA:169,7,0,20
BRDA:169,7,1,1
BRDA:191,8,0,15
BRDA:191,8,1,5
BRDA:201,9,0,20
BRDA:201,9,1,1
BRDA:219,10,0,20
BRDA:219,10,1,0
BRDA:245,11,0,20
BRDA:245,11,1,0
BRDA:279,12,0,20
BRDA:279,12,1,1
BRF:30
BRH:25
end_of_record
TN:
SF:src\components\puzzles\MotDePasse.tsx
FN:9,(anonymous_0)
FN:19,(anonymous_1)
FN:30,(anonymous_2)
FN:34,(anonymous_3)
FN:37,(anonymous_4)
FN:41,(anonymous_5)
FN:54,(anonymous_6)
FN:55,(anonymous_7)
FN:96,(anonymous_8)
FN:156,(anonymous_9)
FN:250,(anonymous_10)
FN:257,(anonymous_11)
FN:268,(anonymous_12)
FNF:13
FNH:4
FNDA:4,(anonymous_0)
FNDA:0,(anonymous_1)
FNDA:1,(anonymous_2)
FNDA:1,(anonymous_3)
FNDA:0,(anonymous_4)
FNDA:0,(anonymous_5)
FNDA:0,(anonymous_6)
FNDA:0,(anonymous_7)
FNDA:0,(anonymous_8)
FNDA:1,(anonymous_9)
FNDA:0,(anonymous_10)
FNDA:0,(anonymous_11)
FNDA:0,(anonymous_12)
DA:1,1
DA:2,1
DA:3,1
DA:9,1
DA:10,4
DA:11,4
DA:12,4
DA:13,4
DA:14,4
DA:15,4
DA:16,4
DA:17,4
DA:19,4
DA:20,0
DA:21,0
DA:22,0
DA:23,0
DA:24,0
DA:25,0
DA:26,0
DA:27,0
DA:30,4
DA:31,1
DA:32,1
DA:34,1
DA:35,1
DA:36,0
DA:37,0
DA:38,0
DA:39,0
DA:41,0
DA:42,0
DA:45,1
DA:46,0
DA:48,1
DA:49,1
DA:54,4
DA:55,0
DA:56,0
DA:68,4
DA:96,0
DA:156,1
DA:250,0
DA:257,0
DA:268,0
DA:284,1
LF:46
LH:25
BRDA:32,0,0,0
BRDA:32,1,0,1
BRDA:32,1,1,1
BRDA:35,2,0,0
BRDA:35,2,1,1
BRDA:45,3,0,0
BRDA:45,3,1,1
BRDA:105,4,0,4
BRDA:105,4,1,0
BRDA:159,5,0,4
BRDA:159,5,1,4
BRDA:166,6,0,4
BRDA:166,6,1,4
BRDA:174,7,0,4
BRDA:174,7,1,1
BRDA:200,8,0,4
BRDA:200,8,1,0
BRDA:218,9,0,4
BRDA:218,9,1,0
BRDA:244,10,0,4
BRDA:244,10,1,0
BRDA:278,11,0,4
BRDA:278,11,1,0
BRF:23
BRH:15
end_of_record
TN:
SF:src\components\puzzles\index.ts
FN:1,(anonymous_0)
FN:2,(anonymous_1)
FN:3,(anonymous_2)
FNF:3
FNH:0
FNDA:0,(anonymous_0)
FNDA:0,(anonymous_1)
FNDA:0,(anonymous_2)
DA:1,0
DA:2,0
DA:3,0
LF:3
LH:0
BRF:0
BRH:0
end_of_record
TN:
SF:src\context\PuzzleContext.tsx
FN:11,(anonymous_0)
FN:14,(anonymous_1)
FN:19,(anonymous_2)
FN:43,(anonymous_3)
FNF:4
FNH:0
FNDA:0,(anonymous_0)
FNDA:0,(anonymous_1)
FNDA:0,(anonymous_2)
FNDA:0,(anonymous_3)
DA:1,0
DA:9,0
DA:11,0
DA:12,0
DA:14,0
DA:16,0
DA:19,0
DA:20,0
DA:21,0
DA:23,0
DA:25,0
DA:29,0
DA:35,0
DA:43,0
DA:44,0
DA:45,0
DA:46,0
DA:48,0
LF:18
LH:0
BRDA:20,0,0,0
BRDA:20,0,1,0
BRDA:45,1,0,0
BRF:3
BRH:0
end_of_record
